[debug] [2022-06-24T19:47:05.434Z] ----------------------------------------------------------------------
[debug] [2022-06-24T19:47:05.436Z] Command:       C:\Program Files\nodejs\node.exe C:\Users\Leonardo\AppData\Roaming\npm\node_modules\firebase-tools\lib\bin\firebase.js init
[debug] [2022-06-24T19:47:05.436Z] CLI Version:   11.0.1
[debug] [2022-06-24T19:47:05.436Z] Platform:      win32
[debug] [2022-06-24T19:47:05.436Z] Node Version:  v16.15.0
[debug] [2022-06-24T19:47:05.437Z] Time:          Fri Jun 24 2022 21:47:05 GMT+0200 (srednjoeuropsko ljetno vrijeme)
[debug] [2022-06-24T19:47:05.437Z] ----------------------------------------------------------------------
[debug] 
[debug] [2022-06-24T19:47:05.480Z] > command requires scopes: ["email","openid","https://www.googleapis.com/auth/cloudplatformprojects.readonly","https://www.googleapis.com/auth/firebase","https://www.googleapis.com/auth/cloud-platform"]
[debug] [2022-06-24T19:47:05.480Z] > authorizing via signed-in user (leonardo.yakub@gmail.com)
[info] 
     ######## #### ########  ######## ########     ###     ######  ########
     ##        ##  ##     ## ##       ##     ##  ##   ##  ##       ##
     ######    ##  ########  ######   ########  #########  ######  ######
     ##        ##  ##    ##  ##       ##     ## ##     ##       ## ##
     ##       #### ##     ## ######## ########  ##     ##  ######  ########

You're about to initialize a Firebase project in this directory:

  C:\Users\Leonardo\Desktop\Frontend Mentor\product-feedback-app

Before we get started, keep in mind:

  * You are initializing within an existing Firebase project directory

[info] 
=== Project Setup
[info] 
[info] First, let's associate this project directory with a Firebase project.
[info] You can create multiple project aliases by running firebase use --add, 
[info] but for now we'll just set up a default project.
[info] 
[debug] [2022-06-24T19:47:10.178Z] Using project from CLI flag: product-feedback-app-b98f2
[debug] [2022-06-24T19:47:10.180Z] >>> [apiv2][query] GET https://firebase.googleapis.com/v1beta1/projects/product-feedback-app-b98f2 [none]
[debug] [2022-06-24T19:47:10.756Z] <<< [apiv2][status] GET https://firebase.googleapis.com/v1beta1/projects/product-feedback-app-b98f2 200
[debug] [2022-06-24T19:47:10.756Z] <<< [apiv2][body] GET https://firebase.googleapis.com/v1beta1/projects/product-feedback-app-b98f2 {"projectId":"product-feedback-app-b98f2","projectNumber":"143179462489","displayName":"product-feedback-app","name":"projects/product-feedback-app-b98f2","resources":{"hostingSite":"product-feedback-app-b98f2","storageBucket":"product-feedback-app-b98f2.appspot.com","locationId":"europe-west"},"state":"ACTIVE"}
[info] i  Using project product-feedback-app-b98f2 (product-feedback-app) 
[info] 
=== Hosting Setup
[info] 
[info] Your public directory is the folder (relative to your project directory) that
[info] will contain Hosting assets to be uploaded with firebase deploy. If you
[info] have a build process for your assets, use your build's output directory.
[info] 
